poisson:  0.3679 0.7358 0.0031 0.9994 0.0000 0.7358
Binomial: 0.3874 0.7361 0.0015 0.9999 0.0000 0.7361

p=0.05 n=10 m=0 : 0.6065 0.5987 0.0078 0.6065 0.5987 0.0078  
p=0.05 n=10 m=1 : 0.3033 0.3151 -0.0119 0.9098 0.9139 -0.0041  
p=0.05 n=10 m=2 : 0.0758 0.0746 0.0012 0.9856 0.9885 -0.0029  
p=0.05 n=10 m=3 : 0.0126 0.0105 0.0022 0.9982 0.9990 -0.0007  
p=0.05 n=10 m=4 : 0.0016 0.0010 0.0006 0.9998 0.9999 -0.0001  
p=0.05 n=10 m=5 : 0.0002 0.0001 0.0001 1.0000 1.0000 -0.0000  
p=0.05 n=10 m=6 : 0.0000 0.0000 0.0000 1.0000 1.0000 -0.0000  
p=0.05 n=10 m=7 : 0.0000 0.0000 0.0000 1.0000 1.0000 -0.0000  
p=0.05 n=10 m=8 : 0.0000 0.0000 0.0000 1.0000 1.0000 -0.0000  
p=0.05 n=10 m=9 : 0.0000 0.0000 0.0000 1.0000 1.0000 -0.0000

p=0.05 n=20 m=0 : 0.3679 0.3585 0.0094 0.3679 0.3585 0.0094  
p=0.05 n=20 m=1 : 0.3679 0.3774 -0.0095 0.7358 0.7358 -0.0001  
p=0.05 n=20 m=2 : 0.1839 0.1887 -0.0047 0.9197 0.9245 -0.0048  
p=0.05 n=20 m=3 : 0.0613 0.0596 0.0017 0.9810 0.9841 -0.0031  
p=0.05 n=20 m=4 : 0.0153 0.0133 0.0020 0.9963 0.9974 -0.0011  
p=0.05 n=20 m=5 : 0.0031 0.0022 0.0008 0.9994 0.9997 -0.0003  
p=0.05 n=20 m=6 : 0.0005 0.0003 0.0002 0.9999 1.0000 -0.0000  
p=0.05 n=20 m=7 : 0.0001 0.0000 0.0000 1.0000 1.0000 -0.0000  
p=0.05 n=20 m=8 : 0.0000 0.0000 0.0000 1.0000 1.0000 -0.0000  
p=0.05 n=20 m=9 : 0.0000 0.0000 0.0000 1.0000 1.0000 -0.0000

p=0.05 n=40 m=0 : 0.1353 0.1285 0.0068 0.1353 0.1285 0.0068  
p=0.05 n=40 m=1 : 0.2707 0.2706 0.0001 0.4060 0.3991 0.0069  
p=0.05 n=40 m=2 : 0.2707 0.2777 -0.0070 0.6767 0.6767 -0.0001  
p=0.05 n=40 m=3 : 0.1804 0.1851 -0.0047 0.8571 0.8619 -0.0047  
p=0.05 n=40 m=4 : 0.0902 0.0901 0.0001 0.9473 0.9520 -0.0046  
p=0.05 n=40 m=5 : 0.0361 0.0342 0.0019 0.9834 0.9861 -0.0027  
p=0.05 n=40 m=6 : 0.0120 0.0105 0.0015 0.9955 0.9966 -0.0011  
p=0.05 n=40 m=7 : 0.0034 0.0027 0.0008 0.9989 0.9993 -0.0004  
p=0.05 n=40 m=8 : 0.0009 0.0006 0.0003 0.9998 0.9999 -0.0001  
p=0.05 n=40 m=9 : 0.0002 0.0001 0.0001 1.0000 1.0000 -0.0000

p=0.05 n=60 m=0 : 0.0498 0.0461 0.0037 0.0498 0.0461 0.0037  
p=0.05 n=60 m=1 : 0.1494 0.1455 0.0039 0.1991 0.1916 0.0076  
p=0.05 n=60 m=2 : 0.2240 0.2259 -0.0018 0.4232 0.4174 0.0058  
p=0.05 n=60 m=3 : 0.2240 0.2298 -0.0058 0.6472 0.6473 -0.0000  
p=0.05 n=60 m=4 : 0.1680 0.1724 -0.0044 0.8153 0.8197 -0.0044  
p=0.05 n=60 m=5 : 0.1008 0.1016 -0.0008 0.9161 0.9213 -0.0052  
p=0.05 n=60 m=6 : 0.0504 0.0490 0.0014 0.9665 0.9703 -0.0038  
p=0.05 n=60 m=7 : 0.0216 0.0199 0.0017 0.9881 0.9902 -0.0021  
p=0.05 n=60 m=8 : 0.0081 0.0069 0.0012 0.9962 0.9972 -0.0010  
p=0.05 n=60 m=9 : 0.0027 0.0021 0.0006 0.9989 0.9993 -0.0004

p=0.05 n=80 m=0 : 0.0183 0.0165 0.0018 0.0183 0.0165 0.0018  
p=0.05 n=80 m=1 : 0.0733 0.0695 0.0037 0.0916 0.0861 0.0055  
p=0.05 n=80 m=2 : 0.1465 0.1446 0.0020 0.2381 0.2306 0.0075  
p=0.05 n=80 m=3 : 0.1954 0.1978 -0.0025 0.4335 0.4284 0.0050  
p=0.05 n=80 m=4 : 0.1954 0.2004 -0.0051 0.6288 0.6289 -0.0000  
p=0.05 n=80 m=5 : 0.1563 0.1603 -0.0041 0.7851 0.7892 -0.0041  
p=0.05 n=80 m=6 : 0.1042 0.1055 -0.0013 0.8893 0.8947 -0.0054  
p=0.05 n=80 m=7 : 0.0595 0.0587 0.0008 0.9489 0.9534 -0.0045  
p=0.05 n=80 m=8 : 0.0298 0.0282 0.0016 0.9786 0.9816 -0.0030  
p=0.05 n=80 m=9 : 0.0132 0.0119 0.0014 0.9919 0.9935 -0.0016

p=0.05 n=90 m=0 : 0.0111 0.0099 0.0012 0.0111 0.0099 0.0012  
p=0.05 n=90 m=1 : 0.0500 0.0468 0.0032 0.0611 0.0567 0.0044  
p=0.05 n=90 m=2 : 0.1125 0.1097 0.0028 0.1736 0.1664 0.0071  
p=0.05 n=90 m=3 : 0.1687 0.1694 -0.0006 0.3423 0.3358 0.0065  
p=0.05 n=90 m=4 : 0.1898 0.1939 -0.0041 0.5321 0.5297 0.0024  
p=0.05 n=90 m=5 : 0.1708 0.1755 -0.0047 0.7029 0.7052 -0.0023  
p=0.05 n=90 m=6 : 0.1281 0.1309 -0.0027 0.8311 0.8361 -0.0050  
p=0.05 n=90 m=7 : 0.0824 0.0827 -0.0003 0.9134 0.9187 -0.0053  
p=0.05 n=90 m=8 : 0.0463 0.0451 0.0012 0.9597 0.9638 -0.0041  
p=0.05 n=90 m=9 : 0.0232 0.0216 0.0015 0.9829 0.9855 -0.0026

p=0.1 n=10 m=0 : 0.3679 0.3487 0.0192 0.3679 0.3487 0.0192  
p=0.1 n=10 m=1 : 0.3679 0.3874 -0.0195 0.7358 0.7361 -0.0003  
p=0.1 n=10 m=2 : 0.1839 0.1937 -0.0098 0.9197 0.9298 -0.0101  
p=0.1 n=10 m=3 : 0.0613 0.0574 0.0039 0.9810 0.9872 -0.0062  
p=0.1 n=10 m=4 : 0.0153 0.0112 0.0042 0.9963 0.9984 -0.0020  
p=0.1 n=10 m=5 : 0.0031 0.0015 0.0016 0.9994 0.9999 -0.0004  
p=0.1 n=10 m=6 : 0.0005 0.0001 0.0004 0.9999 1.0000 -0.0001  
p=0.1 n=10 m=7 : 0.0001 0.0000 0.0001 1.0000 1.0000 -0.0000  
p=0.1 n=10 m=8 : 0.0000 0.0000 0.0000 1.0000 1.0000 -0.0000  
p=0.1 n=10 m=9 : 0.0000 0.0000 0.0000 1.0000 1.0000 -0.0000

p=0.1 n=20 m=0 : 0.1353 0.1216 0.0138 0.1353 0.1216 0.0138  
p=0.1 n=20 m=1 : 0.2707 0.2702 0.0005 0.4060 0.3917 0.0143  
p=0.1 n=20 m=2 : 0.2707 0.2852 -0.0145 0.6767 0.6769 -0.0003  
p=0.1 n=20 m=3 : 0.1804 0.1901 -0.0097 0.8571 0.8670 -0.0099  
p=0.1 n=20 m=4 : 0.0902 0.0898 0.0004 0.9473 0.9568 -0.0095  
p=0.1 n=20 m=5 : 0.0361 0.0319 0.0042 0.9834 0.9887 -0.0053  
p=0.1 n=20 m=6 : 0.0120 0.0089 0.0032 0.9955 0.9976 -0.0021  
p=0.1 n=20 m=7 : 0.0034 0.0020 0.0015 0.9989 0.9996 -0.0007  
p=0.1 n=20 m=8 : 0.0009 0.0004 0.0005 0.9998 0.9999 -0.0002  
p=0.1 n=20 m=9 : 0.0002 0.0001 0.0001 1.0000 1.0000 -0.0000

p=0.1 n=40 m=0 : 0.0183 0.0148 0.0035 0.0183 0.0148 0.0035  
p=0.1 n=40 m=1 : 0.0733 0.0657 0.0076 0.0916 0.0805 0.0111  
p=0.1 n=40 m=2 : 0.1465 0.1423 0.0042 0.2381 0.2228 0.0153  
p=0.1 n=40 m=3 : 0.1954 0.2003 -0.0050 0.4335 0.4231 0.0103  
p=0.1 n=40 m=4 : 0.1954 0.2059 -0.0105 0.6288 0.6290 -0.0002  
p=0.1 n=40 m=5 : 0.1563 0.1647 -0.0084 0.7851 0.7937 -0.0086  
p=0.1 n=40 m=6 : 0.1042 0.1068 -0.0026 0.8893 0.9005 -0.0112  
p=0.1 n=40 m=7 : 0.0595 0.0576 0.0019 0.9489 0.9581 -0.0092  
p=0.1 n=40 m=8 : 0.0298 0.0264 0.0034 0.9786 0.9845 -0.0059  
p=0.1 n=40 m=9 : 0.0132 0.0104 0.0028 0.9919 0.9949 -0.0031

p=0.1 n=60 m=0 : 0.0025 0.0018 0.0007 0.0025 0.0018 0.0007  
p=0.1 n=60 m=1 : 0.0149 0.0120 0.0029 0.0174 0.0138 0.0036  
p=0.1 n=60 m=2 : 0.0446 0.0393 0.0053 0.0620 0.0530 0.0089  
p=0.1 n=60 m=3 : 0.0892 0.0844 0.0049 0.1512 0.1374 0.0138  
p=0.1 n=60 m=4 : 0.1339 0.1336 0.0003 0.2851 0.2710 0.0141  
p=0.1 n=60 m=5 : 0.1606 0.1662 -0.0056 0.4457 0.4372 0.0085  
p=0.1 n=60 m=6 : 0.1606 0.1693 -0.0087 0.6063 0.6065 -0.0001  
p=0.1 n=60 m=7 : 0.1377 0.1451 -0.0074 0.7440 0.7516 -0.0076  
p=0.1 n=60 m=8 : 0.1033 0.1068 -0.0036 0.8472 0.8584 -0.0111  
p=0.1 n=60 m=9 : 0.0688 0.0686 0.0003 0.9161 0.9269 -0.0109

p=0.1 n=80 m=0 : 0.0003 0.0002 0.0001 0.0003 0.0002 0.0001  
p=0.1 n=80 m=1 : 0.0027 0.0019 0.0007 0.0030 0.0022 0.0009  
p=0.1 n=80 m=2 : 0.0107 0.0085 0.0022 0.0138 0.0107 0.0031  
p=0.1 n=80 m=3 : 0.0286 0.0246 0.0040 0.0424 0.0353 0.0071  
p=0.1 n=80 m=4 : 0.0573 0.0527 0.0046 0.0996 0.0880 0.0117  
p=0.1 n=80 m=5 : 0.0916 0.0889 0.0027 0.1912 0.1769 0.0143  
p=0.1 n=80 m=6 : 0.1221 0.1235 -0.0014 0.3134 0.3005 0.0129  
p=0.1 n=80 m=7 : 0.1396 0.1451 -0.0055 0.4530 0.4456 0.0074  
p=0.1 n=80 m=8 : 0.1396 0.1471 -0.0075 0.5925 0.5927 -0.0001  
p=0.1 n=80 m=9 : 0.1241 0.1308 -0.0067 0.7166 0.7234 -0.0068

p=0.1 n=90 m=0 : 0.0001 0.0001 0.0000 0.0001 0.0001 0.0000  
p=0.1 n=90 m=1 : 0.0011 0.0008 0.0003 0.0012 0.0008 0.0004  
p=0.1 n=90 m=2 : 0.0050 0.0038 0.0012 0.0062 0.0046 0.0016  
p=0.1 n=90 m=3 : 0.0150 0.0123 0.0027 0.0212 0.0169 0.0043  
p=0.1 n=90 m=4 : 0.0337 0.0297 0.0041 0.0550 0.0465 0.0084  
p=0.1 n=90 m=5 : 0.0607 0.0567 0.0040 0.1157 0.1032 0.0124  
p=0.1 n=90 m=6 : 0.0911 0.0892 0.0018 0.2068 0.1925 0.0143  
p=0.1 n=90 m=7 : 0.1171 0.1190 -0.0019 0.3239 0.3115 0.0124  
p=0.1 n=90 m=8 : 0.1318 0.1372 -0.0054 0.4557 0.4487 0.0070  
p=0.1 n=90 m=9 : 0.1318 0.1389 -0.0071 0.5874 0.5875 -0.0001

p=0.2 n=10 m=0 : 0.1353 0.1074 0.0280 0.1353 0.1074 0.0280  
p=0.2 n=10 m=1 : 0.2707 0.2684 0.0022 0.4060 0.3758 0.0302  
p=0.2 n=10 m=2 : 0.2707 0.3020 -0.0313 0.6767 0.6778 -0.0011  
p=0.2 n=10 m=3 : 0.1804 0.2013 -0.0209 0.8571 0.8791 -0.0220  
p=0.2 n=10 m=4 : 0.0902 0.0881 0.0021 0.9473 0.9672 -0.0199  
p=0.2 n=10 m=5 : 0.0361 0.0264 0.0097 0.9834 0.9936 -0.0102  
p=0.2 n=10 m=6 : 0.0120 0.0055 0.0065 0.9955 0.9991 -0.0037  
p=0.2 n=10 m=7 : 0.0034 0.0008 0.0027 0.9989 0.9999 -0.0010  
p=0.2 n=10 m=8 : 0.0009 0.0001 0.0008 0.9998 1.0000 -0.0002  
p=0.2 n=10 m=9 : 0.0002 0.0000 0.0002 1.0000 1.0000 -0.0000

p=0.2 n=20 m=0 : 0.0183 0.0115 0.0068 0.0183 0.0115 0.0068  
p=0.2 n=20 m=1 : 0.0733 0.0576 0.0156 0.0916 0.0692 0.0224  
p=0.2 n=20 m=2 : 0.1465 0.1369 0.0096 0.2381 0.2061 0.0320  
p=0.2 n=20 m=3 : 0.1954 0.2054 -0.0100 0.4335 0.4114 0.0220  
p=0.2 n=20 m=4 : 0.1954 0.2182 -0.0228 0.6288 0.6296 -0.0008  
p=0.2 n=20 m=5 : 0.1563 0.1746 -0.0183 0.7851 0.8042 -0.0191  
p=0.2 n=20 m=6 : 0.1042 0.1091 -0.0049 0.8893 0.9133 -0.0240  
p=0.2 n=20 m=7 : 0.0595 0.0545 0.0050 0.9489 0.9679 -0.0190  
p=0.2 n=20 m=8 : 0.0298 0.0222 0.0076 0.9786 0.9900 -0.0114  
p=0.2 n=20 m=9 : 0.0132 0.0074 0.0058 0.9919 0.9974 -0.0055

p=0.2 n=40 m=0 : 0.0003 0.0001 0.0002 0.0003 0.0001 0.0002  
p=0.2 n=40 m=1 : 0.0027 0.0013 0.0014 0.0030 0.0015 0.0016  
p=0.2 n=40 m=2 : 0.0107 0.0065 0.0043 0.0138 0.0079 0.0058  
p=0.2 n=40 m=3 : 0.0286 0.0205 0.0081 0.0424 0.0285 0.0139  
p=0.2 n=40 m=4 : 0.0573 0.0475 0.0098 0.0996 0.0759 0.0237  
p=0.2 n=40 m=5 : 0.0916 0.0854 0.0062 0.1912 0.1613 0.0299  
p=0.2 n=40 m=6 : 0.1221 0.1246 -0.0024 0.3134 0.2859 0.0275  
p=0.2 n=40 m=7 : 0.1396 0.1513 -0.0117 0.4530 0.4371 0.0158  
p=0.2 n=40 m=8 : 0.1396 0.1560 -0.0164 0.5925 0.5931 -0.0006  
p=0.2 n=40 m=9 : 0.1241 0.1386 -0.0146 0.7166 0.7318 -0.0152

p=0.2 n=60 m=0 : 0.0000 0.0000 0.0000 0.0000 0.0000 0.0000  
p=0.2 n=60 m=1 : 0.0001 0.0000 0.0001 0.0001 0.0000 0.0001  
p=0.2 n=60 m=2 : 0.0004 0.0002 0.0003 0.0005 0.0002 0.0003  
p=0.2 n=60 m=3 : 0.0018 0.0008 0.0010 0.0023 0.0010 0.0013  
p=0.2 n=60 m=4 : 0.0053 0.0029 0.0024 0.0076 0.0039 0.0037  
p=0.2 n=60 m=5 : 0.0127 0.0082 0.0046 0.0203 0.0121 0.0082  
p=0.2 n=60 m=6 : 0.0255 0.0187 0.0068 0.0458 0.0308 0.0150  
p=0.2 n=60 m=7 : 0.0437 0.0361 0.0076 0.0895 0.0670 0.0225  
p=0.2 n=60 m=8 : 0.0655 0.0598 0.0057 0.1550 0.1268 0.0282  
p=0.2 n=60 m=9 : 0.0874 0.0864 0.0009 0.2424 0.2132 0.0292

p=0.2 n=80 m=0 : 0.0000 0.0000 0.0000 0.0000 0.0000 0.0000  
p=0.2 n=80 m=1 : 0.0000 0.0000 0.0000 0.0000 0.0000 0.0000  
p=0.2 n=80 m=2 : 0.0000 0.0000 0.0000 0.0000 0.0000 0.0000  
p=0.2 n=80 m=3 : 0.0001 0.0000 0.0001 0.0001 0.0000 0.0001  
p=0.2 n=80 m=4 : 0.0003 0.0001 0.0002 0.0004 0.0001 0.0003  
p=0.2 n=80 m=5 : 0.0010 0.0004 0.0006 0.0014 0.0006 0.0008  
p=0.2 n=80 m=6 : 0.0026 0.0013 0.0013 0.0040 0.0018 0.0022  
p=0.2 n=80 m=7 : 0.0060 0.0034 0.0026 0.0100 0.0053 0.0047  
p=0.2 n=80 m=8 : 0.0120 0.0078 0.0042 0.0220 0.0131 0.0089  
p=0.2 n=80 m=9 : 0.0213 0.0156 0.0057 0.0433 0.0287 0.0146

p=0.2 n=90 m=0 : 0.0000 0.0000 0.0000 0.0000 0.0000 0.0000  
p=0.2 n=90 m=1 : 0.0000 0.0000 0.0000 0.0000 0.0000 0.0000  
p=0.2 n=90 m=2 : 0.0000 0.0000 0.0000 0.0000 0.0000 0.0000  
p=0.2 n=90 m=3 : 0.0000 0.0000 0.0000 0.0000 0.0000 0.0000  
p=0.2 n=90 m=4 : 0.0001 0.0000 0.0000 0.0001 0.0000 0.0001  
p=0.2 n=90 m=5 : 0.0002 0.0001 0.0002 0.0003 0.0001 0.0002  
p=0.2 n=90 m=6 : 0.0007 0.0003 0.0004 0.0010 0.0004 0.0007  
p=0.2 n=90 m=7 : 0.0019 0.0009 0.0010 0.0029 0.0013 0.0016  
p=0.2 n=90 m=8 : 0.0042 0.0022 0.0019 0.0071 0.0035 0.0036  
p=0.2 n=90 m=9 : 0.0083 0.0051 0.0032 0.0154 0.0086 0.0068

p=0.4 n=10 m=0 : 0.0183 0.0060 0.0123 0.0183 0.0060 0.0123  
p=0.4 n=10 m=1 : 0.0733 0.0403 0.0330 0.0916 0.0464 0.0452  
p=0.4 n=10 m=2 : 0.1465 0.1209 0.0256 0.2381 0.1673 0.0708  
p=0.4 n=10 m=3 : 0.1954 0.2150 -0.0196 0.4335 0.3823 0.0512  
p=0.4 n=10 m=4 : 0.1954 0.2508 -0.0555 0.6288 0.6331 -0.0043  
p=0.4 n=10 m=5 : 0.1563 0.2007 -0.0444 0.7851 0.8338 -0.0486  
p=0.4 n=10 m=6 : 0.1042 0.1115 -0.0073 0.8893 0.9452 -0.0559  
p=0.4 n=10 m=7 : 0.0595 0.0425 0.0171 0.9489 0.9877 -0.0388  
p=0.4 n=10 m=8 : 0.0298 0.0106 0.0192 0.9786 0.9983 -0.0197  
p=0.4 n=10 m=9 : 0.0132 0.0016 0.0117 0.9919 0.9999 -0.0080

p=0.4 n=20 m=0 : 0.0003 0.0000 0.0003 0.0003 0.0000 0.0003  
p=0.4 n=20 m=1 : 0.0027 0.0005 0.0022 0.0030 0.0005 0.0025  
p=0.4 n=20 m=2 : 0.0107 0.0031 0.0076 0.0138 0.0036 0.0101  
p=0.4 n=20 m=3 : 0.0286 0.0123 0.0163 0.0424 0.0160 0.0264  
p=0.4 n=20 m=4 : 0.0573 0.0350 0.0223 0.0996 0.0510 0.0487  
p=0.4 n=20 m=5 : 0.0916 0.0746 0.0170 0.1912 0.1256 0.0656  
p=0.4 n=20 m=6 : 0.1221 0.1244 -0.0023 0.3134 0.2500 0.0634  
p=0.4 n=20 m=7 : 0.1396 0.1659 -0.0263 0.4530 0.4159 0.0371  
p=0.4 n=20 m=8 : 0.1396 0.1797 -0.0401 0.5925 0.5956 -0.0031  
p=0.4 n=20 m=9 : 0.1241 0.1597 -0.0357 0.7166 0.7553 -0.0387

p=0.4 n=40 m=0 : 0.0000 0.0000 0.0000 0.0000 0.0000 0.0000  
p=0.4 n=40 m=1 : 0.0000 0.0000 0.0000 0.0000 0.0000 0.0000  
p=0.4 n=40 m=2 : 0.0000 0.0000 0.0000 0.0000 0.0000 0.0000  
p=0.4 n=40 m=3 : 0.0001 0.0000 0.0001 0.0001 0.0000 0.0001  
p=0.4 n=40 m=4 : 0.0003 0.0000 0.0003 0.0004 0.0000 0.0004  
p=0.4 n=40 m=5 : 0.0010 0.0001 0.0009 0.0014 0.0001 0.0012  
p=0.4 n=40 m=6 : 0.0026 0.0005 0.0022 0.0040 0.0006 0.0034  
p=0.4 n=40 m=7 : 0.0060 0.0015 0.0045 0.0100 0.0021 0.0079  
p=0.4 n=40 m=8 : 0.0120 0.0040 0.0080 0.0220 0.0061 0.0159  
p=0.4 n=40 m=9 : 0.0213 0.0095 0.0118 0.0433 0.0156 0.0277

p=0.4 n=60 m=0 : 0.0000 0.0000 0.0000 0.0000 0.0000 0.0000  
p=0.4 n=60 m=1 : 0.0000 0.0000 0.0000 0.0000 0.0000 0.0000  
p=0.4 n=60 m=2 : 0.0000 0.0000 0.0000 0.0000 0.0000 0.0000  
p=0.4 n=60 m=3 : 0.0000 0.0000 0.0000 0.0000 0.0000 0.0000  
p=0.4 n=60 m=4 : 0.0000 0.0000 0.0000 0.0000 0.0000 0.0000  
p=0.4 n=60 m=5 : 0.0000 0.0000 0.0000 0.0000 0.0000 0.0000  
p=0.4 n=60 m=6 : 0.0000 0.0000 0.0000 0.0000 0.0000 0.0000  
p=0.4 n=60 m=7 : 0.0000 0.0000 0.0000 0.0000 0.0000 0.0000  
p=0.4 n=60 m=8 : 0.0001 0.0000 0.0001 0.0002 0.0000 0.0001  
p=0.4 n=60 m=9 : 0.0003 0.0000 0.0003 0.0004 0.0000 0.0004

p=0.4 n=80 m=0 : 0.0000 0.0000 0.0000 0.0000 0.0000 0.0000  
p=0.4 n=80 m=1 : 0.0000 0.0000 0.0000 0.0000 0.0000 0.0000  
p=0.4 n=80 m=2 : 0.0000 0.0000 0.0000 0.0000 0.0000 0.0000  
p=0.4 n=80 m=3 : 0.0000 0.0000 0.0000 0.0000 0.0000 0.0000  
p=0.4 n=80 m=4 : 0.0000 0.0000 0.0000 0.0000 0.0000 0.0000  
p=0.4 n=80 m=5 : 0.0000 0.0000 0.0000 0.0000 0.0000 0.0000  
p=0.4 n=80 m=6 : 0.0000 0.0000 0.0000 0.0000 0.0000 0.0000  
p=0.4 n=80 m=7 : 0.0000 0.0000 0.0000 0.0000 0.0000 0.0000  
p=0.4 n=80 m=8 : 0.0000 0.0000 0.0000 0.0000 0.0000 0.0000  
p=0.4 n=80 m=9 : 0.0000 0.0000 0.0000 0.0000 0.0000 0.0000

p=0.4 n=90 m=0 : 0.0000 0.0000 0.0000 0.0000 0.0000 0.0000  
p=0.4 n=90 m=1 : 0.0000 0.0000 0.0000 0.0000 0.0000 0.0000  
p=0.4 n=90 m=2 : 0.0000 0.0000 0.0000 0.0000 0.0000 0.0000  
p=0.4 n=90 m=3 : 0.0000 0.0000 0.0000 0.0000 0.0000 0.0000  
p=0.4 n=90 m=4 : 0.0000 0.0000 0.0000 0.0000 0.0000 0.0000  
p=0.4 n=90 m=5 : 0.0000 0.0000 0.0000 0.0000 0.0000 0.0000  
p=0.4 n=90 m=6 : 0.0000 0.0000 0.0000 0.0000 0.0000 0.0000  
p=0.4 n=90 m=7 : 0.0000 0.0000 0.0000 0.0000 0.0000 0.0000  
p=0.4 n=90 m=8 : 0.0000 0.0000 0.0000 0.0000 0.0000 0.0000  
p=0.4 n=90 m=9 : 0.0000 0.0000 0.0000 0.0000 0.0000 0.0000

p=0.6 n=10 m=0 : 0.0025 0.0001 0.0024 0.0025 0.0001 0.0024  
p=0.6 n=10 m=1 : 0.0149 0.0016 0.0133 0.0174 0.0017 0.0157  
p=0.6 n=10 m=2 : 0.0446 0.0106 0.0340 0.0620 0.0123 0.0497  
p=0.6 n=10 m=3 : 0.0892 0.0425 0.0468 0.1512 0.0548 0.0964  
p=0.6 n=10 m=4 : 0.1339 0.1115 0.0224 0.2851 0.1662 0.1188  
p=0.6 n=10 m=5 : 0.1606 0.2007 -0.0400 0.4457 0.3669 0.0788  
p=0.6 n=10 m=6 : 0.1606 0.2508 -0.0902 0.6063 0.6177 -0.0114  
p=0.6 n=10 m=7 : 0.1377 0.2150 -0.0773 0.7440 0.8327 -0.0887  
p=0.6 n=10 m=8 : 0.1033 0.1209 -0.0177 0.8472 0.9536 -0.1064  
p=0.6 n=10 m=9 : 0.0688 0.0403 0.0285 0.9161 0.9940 -0.0779

p=0.6 n=20 m=0 : 0.0000 0.0000 0.0000 0.0000 0.0000 0.0000  
p=0.6 n=20 m=1 : 0.0001 0.0000 0.0001 0.0001 0.0000 0.0001  
p=0.6 n=20 m=2 : 0.0004 0.0000 0.0004 0.0005 0.0000 0.0005  
p=0.6 n=20 m=3 : 0.0018 0.0000 0.0017 0.0023 0.0000 0.0022  
p=0.6 n=20 m=4 : 0.0053 0.0003 0.0050 0.0076 0.0003 0.0073  
p=0.6 n=20 m=5 : 0.0127 0.0013 0.0114 0.0203 0.0016 0.0187  
p=0.6 n=20 m=6 : 0.0255 0.0049 0.0206 0.0458 0.0065 0.0394  
p=0.6 n=20 m=7 : 0.0437 0.0146 0.0291 0.0895 0.0210 0.0685  
p=0.6 n=20 m=8 : 0.0655 0.0355 0.0300 0.1550 0.0565 0.0985  
p=0.6 n=20 m=9 : 0.0874 0.0710 0.0164 0.2424 0.1275 0.1149

p=0.6 n=40 m=0 : 0.0000 0.0000 0.0000 0.0000 0.0000 0.0000  
p=0.6 n=40 m=1 : 0.0000 0.0000 0.0000 0.0000 0.0000 0.0000  
p=0.6 n=40 m=2 : 0.0000 0.0000 0.0000 0.0000 0.0000 0.0000  
p=0.6 n=40 m=3 : 0.0000 0.0000 0.0000 0.0000 0.0000 0.0000  
p=0.6 n=40 m=4 : 0.0000 0.0000 0.0000 0.0000 0.0000 0.0000  
p=0.6 n=40 m=5 : 0.0000 0.0000 0.0000 0.0000 0.0000 0.0000  
p=0.6 n=40 m=6 : 0.0000 0.0000 0.0000 0.0000 0.0000 0.0000  
p=0.6 n=40 m=7 : 0.0000 0.0000 0.0000 0.0000 0.0000 0.0000  
p=0.6 n=40 m=8 : 0.0001 0.0000 0.0001 0.0002 0.0000 0.0002  
p=0.6 n=40 m=9 : 0.0003 0.0000 0.0003 0.0004 0.0000 0.0004

p=0.6 n=60 m=0 : 0.0000 0.0000 0.0000 0.0000 0.0000 0.0000  
p=0.6 n=60 m=1 : 0.0000 0.0000 0.0000 0.0000 0.0000 0.0000  
p=0.6 n=60 m=2 : 0.0000 0.0000 0.0000 0.0000 0.0000 0.0000  
p=0.6 n=60 m=3 : 0.0000 0.0000 0.0000 0.0000 0.0000 0.0000  
p=0.6 n=60 m=4 : 0.0000 0.0000 0.0000 0.0000 0.0000 0.0000  
p=0.6 n=60 m=5 : 0.0000 0.0000 0.0000 0.0000 0.0000 0.0000  
p=0.6 n=60 m=6 : 0.0000 0.0000 0.0000 0.0000 0.0000 0.0000  
p=0.6 n=60 m=7 : 0.0000 0.0000 0.0000 0.0000 0.0000 0.0000  
p=0.6 n=60 m=8 : 0.0000 0.0000 0.0000 0.0000 0.0000 0.0000  
p=0.6 n=60 m=9 : 0.0000 0.0000 0.0000 0.0000 0.0000 0.0000

p=0.6 n=80 m=0 : 0.0000 0.0000 0.0000 0.0000 0.0000 0.0000  
p=0.6 n=80 m=1 : 0.0000 0.0000 0.0000 0.0000 0.0000 0.0000  
p=0.6 n=80 m=2 : 0.0000 0.0000 0.0000 0.0000 0.0000 0.0000  
p=0.6 n=80 m=3 : 0.0000 0.0000 0.0000 0.0000 0.0000 0.0000  
p=0.6 n=80 m=4 : 0.0000 0.0000 0.0000 0.0000 0.0000 0.0000  
p=0.6 n=80 m=5 : 0.0000 0.0000 0.0000 0.0000 0.0000 0.0000  
p=0.6 n=80 m=6 : 0.0000 0.0000 0.0000 0.0000 0.0000 0.0000  
p=0.6 n=80 m=7 : 0.0000 0.0000 0.0000 0.0000 0.0000 0.0000  
p=0.6 n=80 m=8 : 0.0000 0.0000 0.0000 0.0000 0.0000 0.0000  
p=0.6 n=80 m=9 : 0.0000 0.0000 0.0000 0.0000 0.0000 0.0000

p=0.6 n=90 m=0 : 0.0000 0.0000 0.0000 0.0000 0.0000 0.0000  
p=0.6 n=90 m=1 : 0.0000 0.0000 0.0000 0.0000 0.0000 0.0000  
p=0.6 n=90 m=2 : 0.0000 0.0000 0.0000 0.0000 0.0000 0.0000  
p=0.6 n=90 m=3 : 0.0000 0.0000 0.0000 0.0000 0.0000 0.0000  
p=0.6 n=90 m=4 : 0.0000 0.0000 0.0000 0.0000 0.0000 0.0000  
p=0.6 n=90 m=5 : 0.0000 0.0000 0.0000 0.0000 0.0000 0.0000  
p=0.6 n=90 m=6 : 0.0000 0.0000 0.0000 0.0000 0.0000 0.0000  
p=0.6 n=90 m=7 : 0.0000 0.0000 0.0000 0.0000 0.0000 0.0000  
p=0.6 n=90 m=8 : 0.0000 0.0000 0.0000 0.0000 0.0000 0.0000  
p=0.6 n=90 m=9 : 0.0000 0.0000 0.0000 0.0000 0.0000 0.0000

p=0.8 n=10 m=0 : 0.0003 0.0000 0.0003 0.0003 0.0000 0.0003  
p=0.8 n=10 m=1 : 0.0027 0.0000 0.0027 0.0030 0.0000 0.0030  
p=0.8 n=10 m=2 : 0.0107 0.0001 0.0107 0.0138 0.0001 0.0137  
p=0.8 n=10 m=3 : 0.0286 0.0008 0.0278 0.0424 0.0009 0.0415  
p=0.8 n=10 m=4 : 0.0573 0.0055 0.0517 0.0996 0.0064 0.0933  
p=0.8 n=10 m=5 : 0.0916 0.0264 0.0652 0.1912 0.0328 0.1584  
p=0.8 n=10 m=6 : 0.1221 0.0881 0.0341 0.3134 0.1209 0.1925  
p=0.8 n=10 m=7 : 0.1396 0.2013 -0.0617 0.4530 0.3222 0.1308  
p=0.8 n=10 m=8 : 0.1396 0.3020 -0.1624 0.5925 0.6242 -0.0316  
p=0.8 n=10 m=9 : 0.1241 0.2684 -0.1444 0.7166 0.8926 -0.1760

p=0.8 n=20 m=0 : 0.0000 0.0000 0.0000 0.0000 0.0000 0.0000  
p=0.8 n=20 m=1 : 0.0000 0.0000 0.0000 0.0000 0.0000 0.0000  
p=0.8 n=20 m=2 : 0.0000 0.0000 0.0000 0.0000 0.0000 0.0000  
p=0.8 n=20 m=3 : 0.0001 0.0000 0.0001 0.0001 0.0000 0.0001  
p=0.8 n=20 m=4 : 0.0003 0.0000 0.0003 0.0004 0.0000 0.0004  
p=0.8 n=20 m=5 : 0.0010 0.0000 0.0010 0.0014 0.0000 0.0014  
p=0.8 n=20 m=6 : 0.0026 0.0000 0.0026 0.0040 0.0000 0.0040  
p=0.8 n=20 m=7 : 0.0060 0.0000 0.0060 0.0100 0.0000 0.0100  
p=0.8 n=20 m=8 : 0.0120 0.0001 0.0119 0.0220 0.0001 0.0219  
p=0.8 n=20 m=9 : 0.0213 0.0005 0.0208 0.0433 0.0006 0.0427

p=0.8 n=40 m=0 : 0.0000 0.0000 0.0000 0.0000 0.0000 0.0000  
p=0.8 n=40 m=1 : 0.0000 0.0000 0.0000 0.0000 0.0000 0.0000  
p=0.8 n=40 m=2 : 0.0000 0.0000 0.0000 0.0000 0.0000 0.0000  
p=0.8 n=40 m=3 : 0.0000 0.0000 0.0000 0.0000 0.0000 0.0000  
p=0.8 n=40 m=4 : 0.0000 0.0000 0.0000 0.0000 0.0000 0.0000  
p=0.8 n=40 m=5 : 0.0000 0.0000 0.0000 0.0000 0.0000 0.0000  
p=0.8 n=40 m=6 : 0.0000 0.0000 0.0000 0.0000 0.0000 0.0000  
p=0.8 n=40 m=7 : 0.0000 0.0000 0.0000 0.0000 0.0000 0.0000  
p=0.8 n=40 m=8 : 0.0000 0.0000 0.0000 0.0000 0.0000 0.0000  
p=0.8 n=40 m=9 : 0.0000 0.0000 0.0000 0.0000 0.0000 0.0000

p=0.8 n=60 m=0 : 0.0000 0.0000 0.0000 0.0000 0.0000 0.0000  
p=0.8 n=60 m=1 : 0.0000 0.0000 0.0000 0.0000 0.0000 0.0000  
p=0.8 n=60 m=2 : 0.0000 0.0000 0.0000 0.0000 0.0000 0.0000  
p=0.8 n=60 m=3 : 0.0000 0.0000 0.0000 0.0000 0.0000 0.0000  
p=0.8 n=60 m=4 : 0.0000 0.0000 0.0000 0.0000 0.0000 0.0000  
p=0.8 n=60 m=5 : 0.0000 0.0000 0.0000 0.0000 0.0000 0.0000  
p=0.8 n=60 m=6 : 0.0000 0.0000 0.0000 0.0000 0.0000 0.0000  
p=0.8 n=60 m=7 : 0.0000 0.0000 0.0000 0.0000 0.0000 0.0000  
p=0.8 n=60 m=8 : 0.0000 0.0000 0.0000 0.0000 0.0000 0.0000  
p=0.8 n=60 m=9 : 0.0000 0.0000 0.0000 0.0000 0.0000 0.0000

p=0.8 n=80 m=0 : 0.0000 0.0000 0.0000 0.0000 0.0000 0.0000  
p=0.8 n=80 m=1 : 0.0000 0.0000 0.0000 0.0000 0.0000 0.0000  
p=0.8 n=80 m=2 : 0.0000 0.0000 0.0000 0.0000 0.0000 0.0000  
p=0.8 n=80 m=3 : 0.0000 0.0000 0.0000 0.0000 0.0000 0.0000  
p=0.8 n=80 m=4 : 0.0000 0.0000 0.0000 0.0000 0.0000 0.0000  
p=0.8 n=80 m=5 : 0.0000 0.0000 0.0000 0.0000 0.0000 0.0000  
p=0.8 n=80 m=6 : 0.0000 0.0000 0.0000 0.0000 0.0000 0.0000  
p=0.8 n=80 m=7 : 0.0000 0.0000 0.0000 0.0000 0.0000 0.0000  
p=0.8 n=80 m=8 : 0.0000 0.0000 0.0000 0.0000 0.0000 0.0000  
p=0.8 n=80 m=9 : 0.0000 0.0000 0.0000 0.0000 0.0000 0.0000

p=0.8 n=90 m=0 : 0.0000 0.0000 0.0000 0.0000 0.0000 0.0000  
p=0.8 n=90 m=1 : 0.0000 0.0000 0.0000 0.0000 0.0000 0.0000  
p=0.8 n=90 m=2 : 0.0000 0.0000 0.0000 0.0000 0.0000 0.0000  
p=0.8 n=90 m=3 : 0.0000 0.0000 0.0000 0.0000 0.0000 0.0000  
p=0.8 n=90 m=4 : 0.0000 0.0000 0.0000 0.0000 0.0000 0.0000  
p=0.8 n=90 m=5 : 0.0000 0.0000 0.0000 0.0000 0.0000 0.0000  
p=0.8 n=90 m=6 : 0.0000 0.0000 0.0000 0.0000 0.0000 0.0000  
p=0.8 n=90 m=7 : 0.0000 0.0000 0.0000 0.0000 0.0000 0.0000  
p=0.8 n=90 m=8 : 0.0000 0.0000 0.0000 0.0000 0.0000 0.0000  
p=0.8 n=90 m=9 : 0.0000 0.0000 0.0000 0.0000 0.0000 0.0000

p=0.9 n=10 m=0 : 0.0001 0.0000 0.0001 0.0001 0.0000 0.0001  
p=0.9 n=10 m=1 : 0.0011 0.0000 0.0011 0.0012 0.0000 0.0012  
p=0.9 n=10 m=2 : 0.0050 0.0000 0.0050 0.0062 0.0000 0.0062  
p=0.9 n=10 m=3 : 0.0150 0.0000 0.0150 0.0212 0.0000 0.0212  
p=0.9 n=10 m=4 : 0.0337 0.0001 0.0336 0.0550 0.0001 0.0548  
p=0.9 n=10 m=5 : 0.0607 0.0015 0.0592 0.1157 0.0016 0.1141  
p=0.9 n=10 m=6 : 0.0911 0.0112 0.0799 0.2068 0.0128 0.1940  
p=0.9 n=10 m=7 : 0.1171 0.0574 0.0597 0.3239 0.0702 0.2537  
p=0.9 n=10 m=8 : 0.1318 0.1937 -0.0620 0.4557 0.2639 0.1918  
p=0.9 n=10 m=9 : 0.1318 0.3874 -0.2557 0.5874 0.6513 -0.0639

p=0.9 n=20 m=0 : 0.0000 0.0000 0.0000 0.0000 0.0000 0.0000  
p=0.9 n=20 m=1 : 0.0000 0.0000 0.0000 0.0000 0.0000 0.0000  
p=0.9 n=20 m=2 : 0.0000 0.0000 0.0000 0.0000 0.0000 0.0000  
p=0.9 n=20 m=3 : 0.0000 0.0000 0.0000 0.0000 0.0000 0.0000  
p=0.9 n=20 m=4 : 0.0001 0.0000 0.0001 0.0001 0.0000 0.0001  
p=0.9 n=20 m=5 : 0.0002 0.0000 0.0002 0.0003 0.0000 0.0003  
p=0.9 n=20 m=6 : 0.0007 0.0000 0.0007 0.0010 0.0000 0.0010  
p=0.9 n=20 m=7 : 0.0019 0.0000 0.0019 0.0029 0.0000 0.0029  
p=0.9 n=20 m=8 : 0.0042 0.0000 0.0042 0.0071 0.0000 0.0071  
p=0.9 n=20 m=9 : 0.0083 0.0000 0.0083 0.0154 0.0000 0.0154

p=0.9 n=40 m=0 : 0.0000 0.0000 0.0000 0.0000 0.0000 0.0000  
p=0.9 n=40 m=1 : 0.0000 0.0000 0.0000 0.0000 0.0000 0.0000  
p=0.9 n=40 m=2 : 0.0000 0.0000 0.0000 0.0000 0.0000 0.0000  
p=0.9 n=40 m=3 : 0.0000 0.0000 0.0000 0.0000 0.0000 0.0000  
p=0.9 n=40 m=4 : 0.0000 0.0000 0.0000 0.0000 0.0000 0.0000  
p=0.9 n=40 m=5 : 0.0000 0.0000 0.0000 0.0000 0.0000 0.0000  
p=0.9 n=40 m=6 : 0.0000 0.0000 0.0000 0.0000 0.0000 0.0000  
p=0.9 n=40 m=7 : 0.0000 0.0000 0.0000 0.0000 0.0000 0.0000  
p=0.9 n=40 m=8 : 0.0000 0.0000 0.0000 0.0000 0.0000 0.0000  
p=0.9 n=40 m=9 : 0.0000 0.0000 0.0000 0.0000 0.0000 0.0000

p=0.9 n=60 m=0 : 0.0000 0.0000 0.0000 0.0000 0.0000 0.0000  
p=0.9 n=60 m=1 : 0.0000 0.0000 0.0000 0.0000 0.0000 0.0000  
p=0.9 n=60 m=2 : 0.0000 0.0000 0.0000 0.0000 0.0000 0.0000  
p=0.9 n=60 m=3 : 0.0000 0.0000 0.0000 0.0000 0.0000 0.0000  
p=0.9 n=60 m=4 : 0.0000 0.0000 0.0000 0.0000 0.0000 0.0000  
p=0.9 n=60 m=5 : 0.0000 0.0000 0.0000 0.0000 0.0000 0.0000  
p=0.9 n=60 m=6 : 0.0000 0.0000 0.0000 0.0000 0.0000 0.0000  
p=0.9 n=60 m=7 : 0.0000 0.0000 0.0000 0.0000 0.0000 0.0000  
p=0.9 n=60 m=8 : 0.0000 0.0000 0.0000 0.0000 0.0000 0.0000  
p=0.9 n=60 m=9 : 0.0000 0.0000 0.0000 0.0000 0.0000 0.0000

p=0.9 n=80 m=0 : 0.0000 0.0000 0.0000 0.0000 0.0000 0.0000  
p=0.9 n=80 m=1 : 0.0000 0.0000 0.0000 0.0000 0.0000 0.0000  
p=0.9 n=80 m=2 : 0.0000 0.0000 0.0000 0.0000 0.0000 0.0000  
p=0.9 n=80 m=3 : 0.0000 0.0000 0.0000 0.0000 0.0000 0.0000  
p=0.9 n=80 m=4 : 0.0000 0.0000 0.0000 0.0000 0.0000 0.0000  
p=0.9 n=80 m=5 : 0.0000 0.0000 0.0000 0.0000 0.0000 0.0000  
p=0.9 n=80 m=6 : 0.0000 0.0000 0.0000 0.0000 0.0000 0.0000  
p=0.9 n=80 m=7 : 0.0000 0.0000 0.0000 0.0000 0.0000 0.0000  
p=0.9 n=80 m=8 : 0.0000 0.0000 0.0000 0.0000 0.0000 0.0000  
p=0.9 n=80 m=9 : 0.0000 0.0000 0.0000 0.0000 0.0000 0.0000

p=0.9 n=90 m=0 : 0.0000 0.0000 0.0000 0.0000 0.0000 0.0000  
p=0.9 n=90 m=1 : 0.0000 0.0000 0.0000 0.0000 0.0000 0.0000  
p=0.9 n=90 m=2 : 0.0000 0.0000 0.0000 0.0000 0.0000 0.0000  
p=0.9 n=90 m=3 : 0.0000 0.0000 0.0000 0.0000 0.0000 0.0000  
p=0.9 n=90 m=4 : 0.0000 0.0000 0.0000 0.0000 0.0000 0.0000  
p=0.9 n=90 m=5 : 0.0000 0.0000 0.0000 0.0000 0.0000 0.0000  
p=0.9 n=90 m=6 : 0.0000 0.0000 0.0000 0.0000 0.0000 0.0000  
p=0.9 n=90 m=7 : 0.0000 0.0000 0.0000 0.0000 0.0000 0.0000  
p=0.9 n=90 m=8 : 0.0000 0.0000 0.0000 0.0000 0.0000 0.0000  
p=0.9 n=90 m=9 : 0.0000 0.0000 0.0000 0.0000 0.0000 0.0000

p=0.95 n=10 m=0 : 0.0001 0.0000 0.0001 0.0001 0.0000 0.0001  
p=0.95 n=10 m=1 : 0.0007 0.0000 0.0007 0.0008 0.0000 0.0008  
p=0.95 n=10 m=2 : 0.0034 0.0000 0.0034 0.0042 0.0000 0.0042  
p=0.95 n=10 m=3 : 0.0107 0.0000 0.0107 0.0149 0.0000 0.0149  
p=0.95 n=10 m=4 : 0.0254 0.0000 0.0254 0.0403 0.0000 0.0403  
p=0.95 n=10 m=5 : 0.0483 0.0001 0.0482 0.0885 0.0001 0.0885  
p=0.95 n=10 m=6 : 0.0764 0.0010 0.0755 0.1649 0.0010 0.1639  
p=0.95 n=10 m=7 : 0.1037 0.0105 0.0932 0.2687 0.0115 0.2572  
p=0.95 n=10 m=8 : 0.1232 0.0746 0.0485 0.3918 0.0861 0.3057  
p=0.95 n=10 m=9 : 0.1300 0.3151 -0.1851 0.5218 0.4013 0.1206

p=0.95 n=20 m=0 : 0.0000 0.0000 0.0000 0.0000 0.0000 0.0000  
p=0.95 n=20 m=1 : 0.0000 0.0000 0.0000 0.0000 0.0000 0.0000  
p=0.95 n=20 m=2 : 0.0000 0.0000 0.0000 0.0000 0.0000 0.0000  
p=0.95 n=20 m=3 : 0.0000 0.0000 0.0000 0.0000 0.0000 0.0000  
p=0.95 n=20 m=4 : 0.0000 0.0000 0.0000 0.0000 0.0000 0.0000  
p=0.95 n=20 m=5 : 0.0001 0.0000 0.0001 0.0002 0.0000 0.0002  
p=0.95 n=20 m=6 : 0.0004 0.0000 0.0004 0.0005 0.0000 0.0005  
p=0.95 n=20 m=7 : 0.0010 0.0000 0.0010 0.0015 0.0000 0.0015  
p=0.95 n=20 m=8 : 0.0024 0.0000 0.0024 0.0039 0.0000 0.0039  
p=0.95 n=20 m=9 : 0.0050 0.0000 0.0050 0.0089 0.0000 0.0089

p=0.95 n=40 m=0 : 0.0000 0.0000 0.0000 0.0000 0.0000 0.0000  
p=0.95 n=40 m=1 : 0.0000 0.0000 0.0000 0.0000 0.0000 0.0000  
p=0.95 n=40 m=2 : 0.0000 0.0000 0.0000 0.0000 0.0000 0.0000  
p=0.95 n=40 m=3 : 0.0000 0.0000 0.0000 0.0000 0.0000 0.0000  
p=0.95 n=40 m=4 : 0.0000 0.0000 0.0000 0.0000 0.0000 0.0000  
p=0.95 n=40 m=5 : 0.0000 0.0000 0.0000 0.0000 0.0000 0.0000  
p=0.95 n=40 m=6 : 0.0000 0.0000 0.0000 0.0000 0.0000 0.0000  
p=0.95 n=40 m=7 : 0.0000 0.0000 0.0000 0.0000 0.0000 0.0000  
p=0.95 n=40 m=8 : 0.0000 0.0000 0.0000 0.0000 0.0000 0.0000  
p=0.95 n=40 m=9 : 0.0000 0.0000 0.0000 0.0000 0.0000 0.0000

p=0.95 n=60 m=0 : 0.0000 0.0000 0.0000 0.0000 0.0000 0.0000  
p=0.95 n=60 m=1 : 0.0000 0.0000 0.0000 0.0000 0.0000 0.0000  
p=0.95 n=60 m=2 : 0.0000 0.0000 0.0000 0.0000 0.0000 0.0000  
p=0.95 n=60 m=3 : 0.0000 0.0000 0.0000 0.0000 0.0000 0.0000  
p=0.95 n=60 m=4 : 0.0000 0.0000 0.0000 0.0000 0.0000 0.0000  
p=0.95 n=60 m=5 : 0.0000 0.0000 0.0000 0.0000 0.0000 0.0000  
p=0.95 n=60 m=6 : 0.0000 0.0000 0.0000 0.0000 0.0000 0.0000  
p=0.95 n=60 m=7 : 0.0000 0.0000 0.0000 0.0000 0.0000 0.0000  
p=0.95 n=60 m=8 : 0.0000 0.0000 0.0000 0.0000 0.0000 0.0000  
p=0.95 n=60 m=9 : 0.0000 0.0000 0.0000 0.0000 0.0000 0.0000

p=0.95 n=80 m=0 : 0.0000 0.0000 0.0000 0.0000 0.0000 0.0000  
p=0.95 n=80 m=1 : 0.0000 0.0000 0.0000 0.0000 0.0000 0.0000  
p=0.95 n=80 m=2 : 0.0000 0.0000 0.0000 0.0000 0.0000 0.0000  
p=0.95 n=80 m=3 : 0.0000 0.0000 0.0000 0.0000 0.0000 0.0000  
p=0.95 n=80 m=4 : 0.0000 0.0000 0.0000 0.0000 0.0000 0.0000  
p=0.95 n=80 m=5 : 0.0000 0.0000 0.0000 0.0000 0.0000 0.0000  
p=0.95 n=80 m=6 : 0.0000 0.0000 0.0000 0.0000 0.0000 0.0000  
p=0.95 n=80 m=7 : 0.0000 0.0000 0.0000 0.0000 0.0000 0.0000  
p=0.95 n=80 m=8 : 0.0000 0.0000 0.0000 0.0000 0.0000 0.0000  
p=0.95 n=80 m=9 : 0.0000 0.0000 0.0000 0.0000 0.0000 0.0000

p=0.95 n=90 m=0 : 0.0000 0.0000 0.0000 0.0000 0.0000 0.0000  
p=0.95 n=90 m=1 : 0.0000 0.0000 0.0000 0.0000 0.0000 0.0000  
p=0.95 n=90 m=2 : 0.0000 0.0000 0.0000 0.0000 0.0000 0.0000  
p=0.95 n=90 m=3 : 0.0000 0.0000 0.0000 0.0000 0.0000 0.0000  
p=0.95 n=90 m=4 : 0.0000 0.0000 0.0000 0.0000 0.0000 0.0000  
p=0.95 n=90 m=5 : 0.0000 0.0000 0.0000 0.0000 0.0000 0.0000  
p=0.95 n=90 m=6 : 0.0000 0.0000 0.0000 0.0000 0.0000 0.0000  
p=0.95 n=90 m=7 : 0.0000 0.0000 0.0000 0.0000 0.0000 0.0000  
p=0.95 n=90 m=8 : 0.0000 0.0000 0.0000 0.0000 0.0000 0.0000  
p=0.95 n=90 m=9 : 0.0000 0.0000 0.0000 0.0000 0.0000 0.0000

